<?xml version="1.0" encoding="UTF-8"?>
<testng-results ignored="0" total="1" passed="1" failed="0" skipped="0">
  <reporter-output>
  </reporter-output>
  <suite started-at="2021-03-28T16:02:24 IST" name="Default suite" finished-at="2021-03-28T16:03:25 IST" duration-ms="61551">
    <groups>
    </groups>
    <test started-at="2021-03-28T16:02:24 IST" name="Default test" finished-at="2021-03-28T16:03:25 IST" duration-ms="61551">
      <class name="com.i.testcasesuite.Testcase1">
        <test-method signature="testcase1()[pri:0, instance:com.i.testcasesuite.Testcase1@58ea606c]" started-at="2021-03-28T16:02:24 IST" name="testcase1" finished-at="2021-03-28T16:03:25 IST" duration-ms="61296" status="PASS">
          <reporter-output>
          </reporter-output>
        </test-method> <!-- testcase1 -->
      </class> <!-- com.i.testcasesuite.Testcase1 -->
    </test> <!-- Default test -->
  </suite> <!-- Default suite -->
</testng-results>
